# JRE version: OpenJDK Runtime Environment Temurin-21.0.10+7 (21.0.10+7) (build 21.0.10+7-LTS)
# Java VM: OpenJDK 64-Bit Server VM Temurin-21.0.10+7 (21.0.10+7-LTS, mixed mode, sharing, tiered, compressed oops, compressed class ptrs, parallel gc, windows-amd64)
GC Precious Log:
 CardTable entry size: 512
 CPUs: 32 total, 32 available
 Memory: 97431M
 Large Page Support: Disabled
 NUMA Support: Disabled
 Compressed Oops: Enabled (32-bit)
 Alignments: Space 512K, Generation 512K, Heap 2M
 Heap Min Capacity: 100M
 Heap Initial Capacity: 100M
 Heap Max Capacity: 2G
 Pre-touch: Disabled
 Parallel Workers: 23
Heap:
 PSYoungGen      total 4608K, used 1163K [0x00000000d5580000, 0x00000000d5b00000, 0x0000000100000000)
  eden space 3584K, 18% used [0x00000000d5580000,0x00000000d5625b48,0x00000000d5900000)
  from space 1024K, 48% used [0x00000000d5a00000,0x00000000d5a7d200,0x00000000d5b00000)
  to   space 1024K, 0% used [0x00000000d5900000,0x00000000d5900000,0x00000000d5a00000)
 ParOldGen       total 706560K, used 706225K [0x0000000080000000, 0x00000000ab200000, 0x00000000d5580000)
  object space 706560K, 99% used [0x0000000080000000,0x00000000ab1ac690,0x00000000ab200000)
 Metaspace       used 82448K, committed 83904K, reserved 1179648K
  class space    used 8166K, committed 8832K, reserved 1048576K
GC Heap History (20 events):
Event: 132731.609 GC heap before
{Heap before GC invocations=929 (full 4):
 PSYoungGen      total 4608K, used 4096K [0x00000000d5580000, 0x00000000d5b00000, 0x0000000100000000)
  eden space 3584K, 100% used [0x00000000d5580000,0x00000000d5900000,0x00000000d5900000)
  from space 1024K, 50% used [0x00000000d5a00000,0x00000000d5a80000,0x00000000d5b00000)
  to   space 1024K, 0% used [0x00000000d5900000,0x00000000d5900000,0x00000000d5a00000)
 ParOldGen       total 704512K, used 704101K [0x0000000080000000, 0x00000000ab000000, 0x00000000d5580000)
  object space 704512K, 99% used [0x0000000080000000,0x00000000aaf99510,0x00000000ab000000)
 Metaspace       used 82273K, committed 83776K, reserved 1179648K
  class space    used 8163K, committed 8832K, reserved 1048576K
}
Event: 132731.610 GC heap after
{Heap after GC invocations=929 (full 4):
 PSYoungGen      total 4608K, used 874K [0x00000000d5580000, 0x00000000d5b00000, 0x0000000100000000)
  eden space 3584K, 0% used [0x00000000d5580000,0x00000000d5580000,0x00000000d5900000)
  from space 1024K, 85% used [0x00000000d5900000,0x00000000d59da910,0x00000000d5a00000)
  to   space 1024K, 0% used [0x00000000d5a00000,0x00000000d5a00000,0x00000000d5b00000)
 ParOldGen       total 704512K, used 704255K [0x0000000080000000, 0x00000000ab000000, 0x00000000d5580000)
  object space 704512K, 99% used [0x0000000080000000,0x00000000aafbfe10,0x00000000ab000000)
 Metaspace       used 82273K, committed 83776K, reserved 1179648K
  class space    used 8163K, committed 8832K, reserved 1048576K
}
Event: 132731.901 GC heap before
{Heap before GC invocations=930 (full 4):
 PSYoungGen      total 4608K, used 4458K [0x00000000d5580000, 0x00000000d5b00000, 0x0000000100000000)
  eden space 3584K, 100% used [0x00000000d5580000,0x00000000d5900000,0x00000000d5900000)
  from space 1024K, 85% used [0x00000000d5900000,0x00000000d59da910,0x00000000d5a00000)
  to   space 1024K, 0% used [0x00000000d5a00000,0x00000000d5a00000,0x00000000d5b00000)
 ParOldGen       total 704512K, used 704255K [0x0000000080000000, 0x00000000ab000000, 0x00000000d5580000)
  object space 704512K, 99% used [0x0000000080000000,0x00000000aafbfe10,0x00000000ab000000)
 Metaspace       used 82284K, committed 83776K, reserved 1179648K
  class space    used 8163K, committed 8832K, reserved 1048576K
}
Event: 132731.902 GC heap after
{Heap after GC invocations=930 (full 4):
 PSYoungGen      total 4608K, used 512K [0x00000000d5580000, 0x00000000d5b00000, 0x0000000100000000)
  eden space 3584K, 0% used [0x00000000d5580000,0x00000000d5580000,0x00000000d5900000)
  from space 1024K, 50% used [0x00000000d5a00000,0x00000000d5a80000,0x00000000d5b00000)
  to   space 1024K, 0% used [0x00000000d5900000,0x00000000d5900000,0x00000000d5a00000)
 ParOldGen       total 705024K, used 704929K [0x0000000080000000, 0x00000000ab080000, 0x00000000d5580000)
  object space 705024K, 99% used [0x0000000080000000,0x00000000ab068740,0x00000000ab080000)
 Metaspace       used 82284K, committed 83776K, reserved 1179648K
  class space    used 8163K, committed 8832K, reserved 1048576K
}
Event: 132732.010 GC heap before
{Heap before GC invocations=931 (full 4):
 PSYoungGen      total 4608K, used 4096K [0x00000000d5580000, 0x00000000d5b00000, 0x0000000100000000)
  eden space 3584K, 100% used [0x00000000d5580000,0x00000000d5900000,0x00000000d5900000)
  from space 1024K, 50% used [0x00000000d5a00000,0x00000000d5a80000,0x00000000d5b00000)
  to   space 1024K, 0% used [0x00000000d5900000,0x00000000d5900000,0x00000000d5a00000)
 ParOldGen       total 705024K, used 704929K [0x0000000080000000, 0x00000000ab080000, 0x00000000d5580000)
  object space 705024K, 99% used [0x0000000080000000,0x00000000ab068740,0x00000000ab080000)
 Metaspace       used 82306K, committed 83776K, reserved 1179648K
  class space    used 8163K, committed 8832K, reserved 1048576K
}
Event: 132732.011 GC heap after
{Heap after GC invocations=931 (full 4):
 PSYoungGen      total 4608K, used 650K [0x00000000d5580000, 0x00000000d5b00000, 0x0000000100000000)
  eden space 3584K, 0% used [0x00000000d5580000,0x00000000d5580000,0x00000000d5900000)
  from space 1024K, 63% used [0x00000000d5900000,0x00000000d59a2910,0x00000000d5a00000)
  to   space 1024K, 0% used [0x00000000d5a00000,0x00000000d5a00000,0x00000000d5b00000)
 ParOldGen       total 705536K, used 705038K [0x0000000080000000, 0x00000000ab100000, 0x00000000d5580000)
  object space 705536K, 99% used [0x0000000080000000,0x00000000ab083a00,0x00000000ab100000)
 Metaspace       used 82306K, committed 83776K, reserved 1179648K
  class space    used 8163K, committed 8832K, reserved 1048576K
}
Event: 132732.014 GC heap before
{Heap before GC invocations=932 (full 4):
 PSYoungGen      total 4608K, used 4234K [0x00000000d5580000, 0x00000000d5b00000, 0x0000000100000000)
  eden space 3584K, 100% used [0x00000000d5580000,0x00000000d5900000,0x00000000d5900000)
  from space 1024K, 63% used [0x00000000d5900000,0x00000000d59a2910,0x00000000d5a00000)
  to   space 1024K, 0% used [0x00000000d5a00000,0x00000000d5a00000,0x00000000d5b00000)
 ParOldGen       total 705536K, used 705038K [0x0000000080000000, 0x00000000ab100000, 0x00000000d5580000)
  object space 705536K, 99% used [0x0000000080000000,0x00000000ab083a00,0x00000000ab100000)
 Metaspace       used 82306K, committed 83776K, reserved 1179648K
  class space    used 8163K, committed 8832K, reserved 1048576K
}
Event: 132732.015 GC heap after
{Heap after GC invocations=932 (full 4):
 PSYoungGen      total 4608K, used 704K [0x00000000d5580000, 0x00000000d5b00000, 0x0000000100000000)
  eden space 3584K, 0% used [0x00000000d5580000,0x00000000d5580000,0x00000000d5900000)
  from space 1024K, 68% used [0x00000000d5a00000,0x00000000d5ab0000,0x00000000d5b00000)
  to   space 1024K, 0% used [0x00000000d5900000,0x00000000d5900000,0x00000000d5a00000)
 ParOldGen       total 705536K, used 705158K [0x0000000080000000, 0x00000000ab100000, 0x00000000d5580000)
  object space 705536K, 99% used [0x0000000080000000,0x00000000ab0a1a00,0x00000000ab100000)
 Metaspace       used 82306K, committed 83776K, reserved 1179648K
  class space    used 8163K, committed 8832K, reserved 1048576K
}
Event: 132732.469 GC heap before
{Heap before GC invocations=933 (full 4):
 PSYoungGen      total 4608K, used 4288K [0x00000000d5580000, 0x00000000d5b00000, 0x0000000100000000)
  eden space 3584K, 100% used [0x00000000d5580000,0x00000000d5900000,0x00000000d5900000)
  from space 1024K, 68% used [0x00000000d5a00000,0x00000000d5ab0000,0x00000000d5b00000)
  to   space 1024K, 0% used [0x00000000d5900000,0x00000000d5900000,0x00000000d5a00000)
 ParOldGen       total 705536K, used 705158K [0x0000000080000000, 0x00000000ab100000, 0x00000000d5580000)
  object space 705536K, 99% used [0x0000000080000000,0x00000000ab0a1a00,0x00000000ab100000)
 Metaspace       used 82306K, committed 83776K, reserved 1179648K
  class space    used 8163K, committed 8832K, reserved 1048576K
}
Event: 132732.470 GC heap after
{Heap after GC invocations=933 (full 4):
 PSYoungGen      total 4608K, used 688K [0x00000000d5580000, 0x00000000d5b00000, 0x0000000100000000)
  eden space 3584K, 0% used [0x00000000d5580000,0x00000000d5580000,0x00000000d5900000)
  from space 1024K, 67% used [0x00000000d5900000,0x00000000d59ac010,0x00000000d5a00000)
  to   space 1024K, 0% used [0x00000000d5a00000,0x00000000d5a00000,0x00000000d5b00000)
 ParOldGen       total 705536K, used 705158K [0x0000000080000000, 0x00000000ab100000, 0x00000000d5580000)
  object space 705536K, 99% used [0x0000000080000000,0x00000000ab0a1a00,0x00000000ab100000)
 Metaspace       used 82306K, committed 83776K, reserved 1179648K
  class space    used 8163K, committed 8832K, reserved 1048576K
}
Event: 132732.474 GC heap before
{Heap before GC invocations=934 (full 4):
 PSYoungGen      total 4608K, used 4272K [0x00000000d5580000, 0x00000000d5b00000, 0x0000000100000000)
  eden space 3584K, 100% used [0x00000000d5580000,0x00000000d5900000,0x00000000d5900000)
  from space 1024K, 67% used [0x00000000d5900000,0x00000000d59ac010,0x00000000d5a00000)
  to   space 1024K, 0% used [0x00000000d5a00000,0x00000000d5a00000,0x00000000d5b00000)
 ParOldGen       total 705536K, used 705158K [0x0000000080000000, 0x00000000ab100000, 0x00000000d5580000)
  object space 705536K, 99% used [0x0000000080000000,0x00000000ab0a1a00,0x00000000ab100000)
 Metaspace       used 82346K, committed 83840K, reserved 1179648K
  class space    used 8163K, committed 8832K, reserved 1048576K
}
Event: 132732.475 GC heap after
{Heap after GC invocations=934 (full 4):
 PSYoungGen      total 4608K, used 608K [0x00000000d5580000, 0x00000000d5b00000, 0x0000000100000000)
  eden space 3584K, 0% used [0x00000000d5580000,0x00000000d5580000,0x00000000d5900000)
  from space 1024K, 59% used [0x00000000d5a00000,0x00000000d5a98000,0x00000000d5b00000)
  to   space 1024K, 0% used [0x00000000d5900000,0x00000000d5900000,0x00000000d5a00000)
 ParOldGen       total 706048K, used 705629K [0x0000000080000000, 0x00000000ab180000, 0x00000000d5580000)
  object space 706048K, 99% used [0x0000000080000000,0x00000000ab117680,0x00000000ab180000)
 Metaspace       used 82346K, committed 83840K, reserved 1179648K
  class space    used 8163K, committed 8832K, reserved 1048576K
}
Event: 132732.792 GC heap before
{Heap before GC invocations=935 (full 4):
 PSYoungGen      total 4608K, used 4192K [0x00000000d5580000, 0x00000000d5b00000, 0x0000000100000000)
  eden space 3584K, 100% used [0x00000000d5580000,0x00000000d5900000,0x00000000d5900000)
  from space 1024K, 59% used [0x00000000d5a00000,0x00000000d5a98000,0x00000000d5b00000)
  to   space 1024K, 0% used [0x00000000d5900000,0x00000000d5900000,0x00000000d5a00000)
 ParOldGen       total 706048K, used 705629K [0x0000000080000000, 0x00000000ab180000, 0x00000000d5580000)
  object space 706048K, 99% used [0x0000000080000000,0x00000000ab117680,0x00000000ab180000)
 Metaspace       used 82425K, committed 83904K, reserved 1179648K
  class space    used 8166K, committed 8832K, reserved 1048576K
}
Event: 132732.793 GC heap after
{Heap after GC invocations=935 (full 4):
 PSYoungGen      total 4608K, used 448K [0x00000000d5580000, 0x00000000d5b00000, 0x0000000100000000)
  eden space 3584K, 0% used [0x00000000d5580000,0x00000000d5580000,0x00000000d5900000)
  from space 1024K, 43% used [0x00000000d5900000,0x00000000d5970000,0x00000000d5a00000)
  to   space 1024K, 0% used [0x00000000d5a00000,0x00000000d5a00000,0x00000000d5b00000)
 ParOldGen       total 706048K, used 706009K [0x0000000080000000, 0x00000000ab180000, 0x00000000d5580000)
  object space 706048K, 99% used [0x0000000080000000,0x00000000ab176690,0x00000000ab180000)
 Metaspace       used 82425K, committed 83904K, reserved 1179648K
  class space    used 8166K, committed 8832K, reserved 1048576K
}
Event: 132732.932 GC heap before
{Heap before GC invocations=936 (full 4):
 PSYoungGen      total 4608K, used 4032K [0x00000000d5580000, 0x00000000d5b00000, 0x0000000100000000)
  eden space 3584K, 100% used [0x00000000d5580000,0x00000000d5900000,0x00000000d5900000)
  from space 1024K, 43% used [0x00000000d5900000,0x00000000d5970000,0x00000000d5a00000)
  to   space 1024K, 0% used [0x00000000d5a00000,0x00000000d5a00000,0x00000000d5b00000)
 ParOldGen       total 706048K, used 706009K [0x0000000080000000, 0x00000000ab180000, 0x00000000d5580000)
  object space 706048K, 99% used [0x0000000080000000,0x00000000ab176690,0x00000000ab180000)
 Metaspace       used 82425K, committed 83904K, reserved 1179648K
  class space    used 8166K, committed 8832K, reserved 1048576K
}
Event: 132732.933 GC heap after
{Heap after GC invocations=936 (full 4):
 PSYoungGen      total 4608K, used 746K [0x00000000d5580000, 0x00000000d5b00000, 0x0000000100000000)
  eden space 3584K, 0% used [0x00000000d5580000,0x00000000d5580000,0x00000000d5900000)
  from space 1024K, 72% used [0x00000000d5a00000,0x00000000d5aba910,0x00000000d5b00000)
  to   space 1024K, 0% used [0x00000000d5900000,0x00000000d5900000,0x00000000d5a00000)
 ParOldGen       total 706560K, used 706121K [0x0000000080000000, 0x00000000ab200000, 0x00000000d5580000)
  object space 706560K, 99% used [0x0000000080000000,0x00000000ab192690,0x00000000ab200000)
 Metaspace       used 82425K, committed 83904K, reserved 1179648K
  class space    used 8166K, committed 8832K, reserved 1048576K
}
Event: 132732.937 GC heap before
{Heap before GC invocations=937 (full 4):
 PSYoungGen      total 4608K, used 4330K [0x00000000d5580000, 0x00000000d5b00000, 0x0000000100000000)
  eden space 3584K, 100% used [0x00000000d5580000,0x00000000d5900000,0x00000000d5900000)
  from space 1024K, 72% used [0x00000000d5a00000,0x00000000d5aba910,0x00000000d5b00000)
  to   space 1024K, 0% used [0x00000000d5900000,0x00000000d5900000,0x00000000d5a00000)
 ParOldGen       total 706560K, used 706121K [0x0000000080000000, 0x00000000ab200000, 0x00000000d5580000)
  object space 706560K, 99% used [0x0000000080000000,0x00000000ab192690,0x00000000ab200000)
 Metaspace       used 82427K, committed 83904K, reserved 1179648K
  class space    used 8166K, committed 8832K, reserved 1048576K
}
Event: 132732.938 GC heap after
{Heap after GC invocations=937 (full 4):
 PSYoungGen      total 4608K, used 772K [0x00000000d5580000, 0x00000000d5b00000, 0x0000000100000000)
  eden space 3584K, 0% used [0x00000000d5580000,0x00000000d5580000,0x00000000d5900000)
  from space 1024K, 75% used [0x00000000d5900000,0x00000000d59c1210,0x00000000d5a00000)
  to   space 1024K, 0% used [0x00000000d5a00000,0x00000000d5a00000,0x00000000d5b00000)
 ParOldGen       total 706560K, used 706217K [0x0000000080000000, 0x00000000ab200000, 0x00000000d5580000)
  object space 706560K, 99% used [0x0000000080000000,0x00000000ab1aa690,0x00000000ab200000)
 Metaspace       used 82427K, committed 83904K, reserved 1179648K
  class space    used 8166K, committed 8832K, reserved 1048576K
}
Event: 132760.371 GC heap before
{Heap before GC invocations=938 (full 4):
 PSYoungGen      total 4608K, used 4356K [0x00000000d5580000, 0x00000000d5b00000, 0x0000000100000000)
  eden space 3584K, 100% used [0x00000000d5580000,0x00000000d5900000,0x00000000d5900000)
  from space 1024K, 75% used [0x00000000d5900000,0x00000000d59c1210,0x00000000d5a00000)
  to   space 1024K, 0% used [0x00000000d5a00000,0x00000000d5a00000,0x00000000d5b00000)
 ParOldGen       total 706560K, used 706217K [0x0000000080000000, 0x00000000ab200000, 0x00000000d5580000)
  object space 706560K, 99% used [0x0000000080000000,0x00000000ab1aa690,0x00000000ab200000)
 Metaspace       used 82448K, committed 83904K, reserved 1179648K
  class space    used 8166K, committed 8832K, reserved 1048576K
}
Event: 132760.372 GC heap after
{Heap after GC invocations=938 (full 4):
 PSYoungGen      total 4608K, used 500K [0x00000000d5580000, 0x00000000d5b00000, 0x0000000100000000)
  eden space 3584K, 0% used [0x00000000d5580000,0x00000000d5580000,0x00000000d5900000)
  from space 1024K, 48% used [0x00000000d5a00000,0x00000000d5a7d200,0x00000000d5b00000)
  to   space 1024K, 0% used [0x00000000d5900000,0x00000000d5900000,0x00000000d5a00000)
 ParOldGen       total 706560K, used 706225K [0x0000000080000000, 0x00000000ab200000, 0x00000000d5580000)
  object space 706560K, 99% used [0x0000000080000000,0x00000000ab1ac690,0x00000000ab200000)
 Metaspace       used 82448K, committed 83904K, reserved 1179648K
  class space    used 8166K, committed 8832K, reserved 1048576K
}

